<?xml version="1.0" encoding="UTF-8"?>
<!-- Generated by org.testng.reporters.JUnitReportReporter -->
<testsuite hostname="DESKTOP-N2O8J3T" failures="0" tests="4" name="testng.ExtentDemo" time="1.891" errors="0" timestamp="2024-06-27T13:34:41 IST" skipped="0">
  <testcase classname="testng.ExtentDemo" name="openGoogle" time="1.812"/>
  <testcase classname="testng.ExtentDemo" name="productPage" time="0.013"/>
  <testcase classname="testng.ExtentDemo" name="signIn" time="0.007"/>
  <testcase classname="testng.ExtentDemo" name="homepage" time="0.059"/>
</testsuite> <!-- testng.ExtentDemo -->
