<?xml version="1.0" encoding="UTF-8"?>
<!-- Generated by org.testng.reporters.JUnitReportReporter -->
<testsuite hostname="DESKTOP-N2O8J3T" failures="0" tests="2" name="testng.NewTest" time="0.028" errors="0" timestamp="2024-06-19T17:10:37 IST" skipped="0">
  <testcase classname="testng.NewTest" name="first" time="0.023"/>
  <testcase classname="testng.NewTest" name="second" time="0.005"/>
</testsuite> <!-- testng.NewTest -->
