<?xml version="1.0" encoding="UTF-8"?>
<!-- Generated by org.testng.reporters.JUnitReportReporter -->
<testsuite hostname="DESKTOP-N2O8J3T" failures="0" tests="1" name="testng.FirstTest" time="0.009" errors="0" timestamp="2024-06-19T17:19:37 IST" skipped="0">
  <testcase classname="testng.FirstTest" name="test1" time="0.009"/>
</testsuite> <!-- testng.FirstTest -->
