<?xml version="1.0" encoding="UTF-8"?>
<!-- Generated by org.testng.reporters.JUnitReportReporter -->
<testsuite hostname="DESKTOP-N2O8J3T" failures="0" tests="1" name="testng.STask" time="0.326" errors="0" timestamp="2024-06-21T14:28:05 IST" skipped="0">
  <testcase classname="testng.STask" name="logIn" time="0.326"/>
</testsuite> <!-- testng.STask -->
