<?xml version="1.0" encoding="UTF-8"?>
<!-- Generated by org.testng.reporters.JUnitReportReporter -->
<testsuite hostname="DESKTOP-N2O8J3T" failures="0" tests="2" name="testng.AnnotationDemo" time="0.024" errors="0" timestamp="2024-07-12T17:55:24 IST" skipped="0">
  <testcase classname="testng.AnnotationDemo" name="second" time="0.006"/>
  <testcase classname="testng.AnnotationDemo" name="first" time="0.018"/>
</testsuite> <!-- testng.AnnotationDemo -->
