<?xml version="1.0" encoding="UTF-8"?>
<!-- Generated by org.testng.reporters.JUnitReportReporter -->
<testsuite hostname="DESKTOP-N2O8J3T" failures="0" tests="2" name="designPattern_POM.LoginTest" time="0.570" errors="0" timestamp="2024-07-12T18:02:03 IST" skipped="0">
  <testcase classname="designPattern_POM.LoginTest" name="verifyTitle" time="0.029"/>
  <testcase classname="designPattern_POM.LoginTest" name="verifyLogin" time="0.541"/>
</testsuite> <!-- designPattern_POM.LoginTest -->
