<?xml version="1.0" encoding="UTF-8"?>
<!-- Generated by org.testng.reporters.JUnitReportReporter -->
<testsuite hostname="DESKTOP-N2O8J3T" failures="0" tests="1" name="testng.FaceBookConfigDemo" time="1.691" errors="0" timestamp="2024-06-20T17:58:07 IST" skipped="0">
  <testcase classname="testng.FaceBookConfigDemo" name="login" time="1.691"/>
</testsuite> <!-- testng.FaceBookConfigDemo -->
