<?xml version="1.0" encoding="UTF-8"?>
<!-- Generated by org.testng.reporters.JUnitReportReporter -->
<testsuite hostname="DESKTOP-N2O8J3T" failures="0" tests="2" name="testng.Class2" time="0.021" errors="0" timestamp="2024-06-24T17:32:15 IST" skipped="0">
  <testcase classname="testng.Class2" name="method3" time="0.007"/>
  <testcase classname="testng.Class2" name="method4" time="0.014"/>
</testsuite> <!-- testng.Class2 -->
