<?xml version="1.0" encoding="UTF-8"?>
<!-- Generated by org.testng.reporters.JUnitReportReporter -->
<testsuite hostname="DESKTOP-N2O8J3T" failures="0" tests="2" name="testng.ExtentReport" time="1.937" errors="0" timestamp="2024-06-28T12:09:05 IST" skipped="0">
  <testcase classname="testng.ExtentReport" name="login" time="1.935"/>
  <testcase classname="testng.ExtentReport" name="test2" time="0.002"/>
</testsuite> <!-- testng.ExtentReport -->
