<?xml version="1.0" encoding="UTF-8"?>
<!-- Generated by org.testng.reporters.JUnitReportReporter -->
<testsuite hostname="DESKTOP-N2O8J3T" failures="0" tests="1" name="testng.Class1" time="0.021" errors="0" timestamp="2024-06-24T17:32:15 IST" skipped="0">
  <testcase classname="testng.Class1" name="method2" time="0.021"/>
</testsuite> <!-- testng.Class1 -->
