<?xml version="1.0" encoding="UTF-8"?>
<!-- Generated by org.testng.reporters.JUnitReportReporter -->
<testsuite hostname="DESKTOP-N2O8J3T" failures="0" tests="1" name="testng.ExtentReportGenerator" time="1.488" errors="0" timestamp="2024-06-27T13:33:19 IST" skipped="0">
  <testcase classname="testng.ExtentReportGenerator" name="openGoogle" time="1.488"/>
</testsuite> <!-- testng.ExtentReportGenerator -->
