<?xml version="1.0" encoding="UTF-8"?>
<!-- Generated by org.testng.reporters.JUnitReportReporter -->
<testsuite hostname="DESKTOP-N2O8J3T" failures="0" tests="2" name="testng.Class3" time="0.011" errors="0" timestamp="2024-06-24T17:30:12 IST" skipped="0">
  <testcase classname="testng.Class3" name="method5" time="0.004"/>
  <testcase classname="testng.Class3" name="method6" time="0.007"/>
</testsuite> <!-- testng.Class3 -->
