<?xml version="1.0" encoding="UTF-8"?>
<!-- Generated by org.testng.reporters.JUnitReportReporter -->
<testsuite hostname="DESKTOP-N2O8J3T" failures="0" tests="2" name="testng.CrossbrowserTesting" time="6.325" errors="0" timestamp="2024-06-24T17:06:42 IST" skipped="0">
  <testcase classname="testng.CrossbrowserTesting" name="login" time="3.495"/>
  <testcase classname="testng.CrossbrowserTesting" name="login" time="2.830"/>
</testsuite> <!-- testng.CrossbrowserTesting -->
